<?xml version="1.0" encoding="UTF-8"?>
<!-- Generated by org.testng.reporters.JUnitReportReporter -->
<testsuite hostname="LAPTOP-UAU1FR2C" failures="0" tests="1" name="com.obsqura.testscripts.ManageSliderTest" time="10.541" errors="0" timestamp="2023-06-17T23:11:28 IST" skipped="0">
  <testcase classname="com.obsqura.testscripts.ManageSliderTest" name="verifyThatTheUserIsAbleToAddNewSliderToTheList" time="10.541"/>
  <system-out/>
</testsuite> <!-- com.obsqura.testscripts.ManageSliderTest -->
