<?xml version="1.0" encoding="UTF-8"?>
<!-- Generated by org.testng.reporters.JUnitReportReporter -->
<testsuite hostname="LAPTOP-UAU1FR2C" failures="0" tests="1" name="com.obsqura.testscripts.MobileSliderTest" time="11.575" errors="0" timestamp="2023-06-17T23:29:08 IST" skipped="0">
  <testcase classname="com.obsqura.testscripts.MobileSliderTest" name="verifyThatTheUserIsAbleToAddNewMobileSlider" time="11.575"/>
  <system-out/>
</testsuite> <!-- com.obsqura.testscripts.MobileSliderTest -->
