<?xml version="1.0" encoding="UTF-8"?>
<!-- Generated by org.testng.reporters.JUnitReportReporter -->
<testsuite hostname="LAPTOP-UAU1FR2C" failures="0" tests="2" name="com.obsqura.testscripts.ManageUsersTest" time="7.595" errors="0" timestamp="2023-06-18T11:22:59 IST" skipped="1">
  <testcase classname="com.obsqura.testscripts.ManageUsersTest" name="verifyThatOnClickingShowDetailsPasswordIsVisible" time="2.693">
    <skipped/>
  </testcase> <!-- verifyThatOnClickingShowDetailsPasswordIsVisible -->
  <system-out/>
  <testcase classname="com.obsqura.testscripts.ManageUsersTest" name="verifyThatOnClickingShowDetailsPasswordIsVisible" time="4.902"/>
  <system-out/>
</testsuite> <!-- com.obsqura.testscripts.ManageUsersTest -->
