<?xml version="1.0" encoding="UTF-8"?>
<!-- Generated by org.testng.reporters.JUnitReportReporter -->
<testsuite hostname="LAPTOP-UAU1FR2C" failures="0" tests="1" name="com.obsqura.testscripts.ManagePagesTest" time="5.011" errors="0" timestamp="2023-06-18T11:13:34 IST" skipped="0">
  <testcase classname="com.obsqura.testscripts.ManagePagesTest" name="verifyThatTheUserIsableToDeleteAnExistingElement" time="5.011"/>
  <system-out/>
</testsuite> <!-- com.obsqura.testscripts.ManagePagesTest -->
