<?xml version="1.0" encoding="UTF-8"?>
<!-- Generated by org.testng.reporters.JUnitReportReporter -->
<testsuite hostname="LAPTOP-UAU1FR2C" failures="0" tests="1" name="com.obsqura.testscripts.AdminUsersTest" time="10.909" errors="0" timestamp="2023-06-17T16:01:55 IST" skipped="0">
  <testcase classname="com.obsqura.testscripts.AdminUsersTest" name="verifyThatTheUserIsAbleToAddANewUserToTheAdminUsersPage" time="10.909"/>
  <system-out/>
</testsuite> <!-- com.obsqura.testscripts.AdminUsersTest -->
