<?xml version="1.0" encoding="UTF-8"?>
<!-- Generated by org.testng.reporters.JUnitReportReporter -->
<testsuite hostname="LAPTOP-UAU1FR2C" failures="0" tests="1" name="com.obsqura.testscripts.ManageOfferCodeTest" time="5.398" errors="0" timestamp="2023-06-17T19:01:21 IST" skipped="0">
  <testcase classname="com.obsqura.testscripts.ManageOfferCodeTest" name="verifyThatTheuserIsAbleToAddNewOfferCode" time="5.398"/>
  <system-out/>
</testsuite> <!-- com.obsqura.testscripts.ManageOfferCodeTest -->
